<?xml version="1.0" encoding="UTF-8"?>
<!-- Generated by org.testng.reporters.JUnitXMLReporter -->
<testsuite hostname="DESKTOP-49FEGJC" failures="0" tests="3" name="Test" time="128.035" errors="0" timestamp="9 Jun 2021 03:44:10 GMT">
  <testcase classname="QAacademy.ValidationTitle" name="titleValidation" time="1.988"/>
  <testcase classname="QAacademy.ValidationTest" name="homepagenavigation" time="38.829"/>
  <testcase classname="QAacademy.ValidationTest" name="homepagenavigation" time="33.748"/>
</testsuite> <!-- Test -->
