<?xml version="1.0" encoding="UTF-8"?>
<testng-results total="2" passed="2" failed="0" skipped="0">
  <reporter-output>
  </reporter-output>
  <suite started-at="2021-06-18T18:41:06Z" name="Default suite" finished-at="2021-06-18T18:42:12Z" duration-ms="66160">
    <groups>
    </groups>
    <test started-at="2021-06-18T18:41:06Z" name="Default test" finished-at="2021-06-18T18:42:12Z" duration-ms="66160">
      <class name="QAacademy.ValidationTest">
        <test-method is-config="true" signature="browserDetails()[pri:0, instance:QAacademy.ValidationTest@e3cee7b]" started-at="2021-06-19T00:11:06Z" name="browserDetails" finished-at="2021-06-19T00:11:34Z" duration-ms="28307" status="PASS">
          <reporter-output>
          </reporter-output>
        </test-method> <!-- browserDetails -->
        <test-method signature="homepagenavigation(java.lang.String, java.lang.String, java.lang.String)[pri:0, instance:QAacademy.ValidationTest@e3cee7b]" started-at="2021-06-19T00:11:35Z" name="homepagenavigation" data-provider="getData" finished-at="2021-06-19T00:11:52Z" duration-ms="17849" status="PASS">
          <params>
            <param index="0">
              <value>
                <![CDATA[nonrestrictedUser@id.com]]>
              </value>
            </param>
            <param index="1">
              <value>
                <![CDATA[1234]]>
              </value>
            </param>
            <param index="2">
              <value>
                <![CDATA[nonrestricted user]]>
              </value>
            </param>
          </params>
          <reporter-output>
          </reporter-output>
        </test-method> <!-- homepagenavigation -->
        <test-method signature="homepagenavigation(java.lang.String, java.lang.String, java.lang.String)[pri:0, instance:QAacademy.ValidationTest@e3cee7b]" started-at="2021-06-19T00:11:52Z" name="homepagenavigation" data-provider="getData" finished-at="2021-06-19T00:12:11Z" duration-ms="18683" status="PASS">
          <params>
            <param index="0">
              <value>
                <![CDATA[restricedUser@id.com]]>
              </value>
            </param>
            <param index="1">
              <value>
                <![CDATA[12345]]>
              </value>
            </param>
            <param index="2">
              <value>
                <![CDATA[restricted user]]>
              </value>
            </param>
          </params>
          <reporter-output>
          </reporter-output>
        </test-method> <!-- homepagenavigation -->
        <test-method is-config="true" signature="tearDown()[pri:0, instance:QAacademy.ValidationTest@e3cee7b]" started-at="2021-06-19T00:12:11Z" name="tearDown" finished-at="2021-06-19T00:12:12Z" duration-ms="1280" status="PASS">
          <reporter-output>
          </reporter-output>
        </test-method> <!-- tearDown -->
      </class> <!-- QAacademy.ValidationTest -->
    </test> <!-- Default test -->
  </suite> <!-- Default suite -->
</testng-results>
